<?xml version="1.0" encoding="UTF-8"?>
<testsuites>
  <testsuite name="fastlane.lanes">
    
    
    
      
      <testcase classname="fastlane.lanes" name="0: Verifying required fastlane version" time="0.002723">
        
      </testcase>
    
      
      <testcase classname="fastlane.lanes" name="1: default_platform" time="0.002011">
        
      </testcase>
    
      
      <testcase classname="fastlane.lanes" name="2: xcodebuild" time="2.036379">
        
          <failure message="/Users/hchukwuji/.fastlane/bin/bundle/lib/ruby/gems/2.2.0/gems/fastlane-2.19.3/fastlane/lib/fastlane/actions/actions_helper.rb:48:in `execute_action'&#10;/Users/hchukwuji/.fastlane/bin/bundle/lib/ruby/gems/2.2.0/gems/fastlane-2.19.3/fastlane/lib/fastlane/runner.rb:221:in `block in execute_action'&#10;/Users/hchukwuji/.fastlane/bin/bundle/lib/ruby/gems/2.2.0/gems/fastlane-2.19.3/fastlane/lib/fastlane/runner.rb:217:in `chdir'&#10;/Users/hchukwuji/.fastlane/bin/bundle/lib/ruby/gems/2.2.0/gems/fastlane-2.19.3/fastlane/lib/fastlane/runner.rb:217:in `execute_action'&#10;/Users/hchukwuji/.fastlane/bin/bundle/lib/ruby/gems/2.2.0/gems/fastlane-2.19.3/fastlane/lib/fastlane/runner.rb:139:in `trigger_action_by_name'&#10;/Users/hchukwuji/.fastlane/bin/bundle/lib/ruby/gems/2.2.0/gems/fastlane-2.19.3/fastlane/lib/fastlane/fast_file.rb:146:in `method_missing'&#10;Fastfile:30:in `block (2 levels) in parsing_binding'&#10;/Users/hchukwuji/.fastlane/bin/bundle/lib/ruby/gems/2.2.0/gems/fastlane-2.19.3/fastlane/lib/fastlane/lane.rb:33:in `call'&#10;/Users/hchukwuji/.fastlane/bin/bundle/lib/ruby/gems/2.2.0/gems/fastlane-2.19.3/fastlane/lib/fastlane/lane.rb:33:in `call'&#10;/Users/hchukwuji/.fastlane/bin/bundle/lib/ruby/gems/2.2.0/gems/fastlane-2.19.3/fastlane/lib/fastlane/runner.rb:49:in `block in execute'&#10;/Users/hchukwuji/.fastlane/bin/bundle/lib/ruby/gems/2.2.0/gems/fastlane-2.19.3/fastlane/lib/fastlane/runner.rb:45:in `chdir'&#10;/Users/hchukwuji/.fastlane/bin/bundle/lib/ruby/gems/2.2.0/gems/fastlane-2.19.3/fastlane/lib/fastlane/runner.rb:45:in `execute'&#10;/Users/hchukwuji/.fastlane/bin/bundle/lib/ruby/gems/2.2.0/gems/fastlane-2.19.3/fastlane/lib/fastlane/lane_manager.rb:52:in `cruise_lane'&#10;/Users/hchukwuji/.fastlane/bin/bundle/lib/ruby/gems/2.2.0/gems/fastlane-2.19.3/fastlane/lib/fastlane/command_line_handler.rb:30:in `handle'&#10;/Users/hchukwuji/.fastlane/bin/bundle/lib/ruby/gems/2.2.0/gems/fastlane-2.19.3/fastlane/lib/fastlane/commands_generator.rb:105:in `block (2 levels) in run'&#10;/Users/hchukwuji/.fastlane/bin/bundle/lib/ruby/gems/2.2.0/gems/commander-4.4.3/lib/commander/command.rb:178:in `call'&#10;/Users/hchukwuji/.fastlane/bin/bundle/lib/ruby/gems/2.2.0/gems/commander-4.4.3/lib/commander/command.rb:178:in `call'&#10;/Users/hchukwuji/.fastlane/bin/bundle/lib/ruby/gems/2.2.0/gems/commander-4.4.3/lib/commander/command.rb:153:in `run'&#10;/Users/hchukwuji/.fastlane/bin/bundle/lib/ruby/gems/2.2.0/gems/commander-4.4.3/lib/commander/runner.rb:446:in `run_active_command'&#10;/Users/hchukwuji/.fastlane/bin/bundle/lib/ruby/gems/2.2.0/gems/fastlane-2.19.3/fastlane_core/lib/fastlane_core/ui/fastlane_runner.rb:38:in `run!'&#10;/Users/hchukwuji/.fastlane/bin/bundle/lib/ruby/gems/2.2.0/gems/commander-4.4.3/lib/commander/delegates.rb:15:in `run!'&#10;/Users/hchukwuji/.fastlane/bin/bundle/lib/ruby/gems/2.2.0/gems/fastlane-2.19.3/fastlane/lib/fastlane/commands_generator.rb:302:in `run'&#10;/Users/hchukwuji/.fastlane/bin/bundle/lib/ruby/gems/2.2.0/gems/fastlane-2.19.3/fastlane/lib/fastlane/commands_generator.rb:42:in `start'&#10;/Users/hchukwuji/.fastlane/bin/bundle/lib/ruby/gems/2.2.0/gems/fastlane-2.19.3/fastlane/lib/fastlane/cli_tools_distributor.rb:65:in `take_off'&#10;/Users/hchukwuji/.fastlane/bin/bundle/lib/ruby/gems/2.2.0/gems/fastlane-2.19.3/bin/fastlane:15:in `&lt;top (required)&gt;'&#10;/Users/hchukwuji/.fastlane/bin/bundle/bin/fastlane:22:in `load'&#10;/Users/hchukwuji/.fastlane/bin/bundle/bin/fastlane:22:in `&lt;main&gt;'&#10;&#10;Exit status of command 'set -o pipefail &amp;&amp; xcodebuild -derivedDataPath &quot;app/builds&quot; clean -scheme &quot;calculator&quot; -destination &quot;generic/platform=iOS&quot; -configuration &quot;Development&quot;  build-for-testing | tee '/Users/hchukwuji/Library/Logs/fastlane/xcbuild/2017-03-09/27911/xcodebuild.log' | xcpretty --color --simple' was 65 instead of 0.&#10;2017-03-09 14:49:54.764 xcodebuild[27925:409083] [MT] PluginLoading: Required plug-in compatibility UUID E0A62D1F-3C18-4D74-BFE5-A4167D643966 for plug-in at path '~/Library/Application Support/Developer/Shared/Xcode/Plug-ins/CocoaPods.xcplugin' not present in DVTPlugInCompatibilityUUIDs&#10;2017-03-09 14:49:54.764 xcodebuild[27925:409083] [MT] PluginLoading: Required plug-in compatibility UUID E0A62D1F-3C18-4D74-BFE5-A4167D643966 for plug-in at path '~/Library/Application Support/Developer/Shared/Xcode/Plug-ins/Alcatraz.xcplugin' not present in DVTPlugInCompatibilityUUIDs&#10;[33m▸[0m [39;1mCheck Dependencies[0m&#10;[33m▸[0m [39;1mClean[0m Succeeded&#10;[33m▸[0m [39;1mBuilding[0m calculator/calculator [(Release)]&#10;[33m▸[0m [39;1mCheck Dependencies[0m&#10;** TEST BUILD FAILED **&#10;&#10;&#10;The following build commands failed:&#10;	CompileSwift normal armv7s&#10;	CompileSwiftSources normal armv7s com.apple.xcode.tools.swift.compiler&#10;(2 failures)&#10;" />
        
      </testcase>
    
  </testsuite>
</testsuites>
